<?xml version="1.0" encoding="UTF-8" ?>
<testsuites>
  <testsuite errors="0" failures="0" hostname="jalaj" id="0" name="ResourceSpec" package="" skipped="0" tests="1" time="6.073" timestamp="2016-07-15T06:22:28">
      <properties />

      <testcase classname="ResourceSpec" name="getRatingInfo returns correct data" time="6.065" />

      <system-out><![CDATA[--Output from getRatingInfo returns correct data--
Hibernate: select this_.id as id1_1_0_, this_.version as version2_1_0_, this_.created_by_id as created_3_1_0_, this_.date_created as date_cre4_1_0_, this_.description as descript5_1_0_, this_.last_updated as last_upd6_1_0_, this_.topic_id as topic_id7_1_0_, this_.file_path as file_pat9_1_0_, this_.url as url10_1_0_, this_.content_type as content_8_1_0_ from resource this_ where this_.id=? limit ?
Hibernate: select user0_.id as id1_5_0_, user0_.version as version2_5_0_, user0_.active as active3_5_0_, user0_.admin as admin4_5_0_, user0_.date_created as date_cre5_5_0_, user0_.email as email6_5_0_, user0_.first_name as first_na7_5_0_, user0_.last_name as last_nam8_5_0_, user0_.last_updated as last_upd9_5_0_, user0_.password as passwor10_5_0_, user0_.photo as photo11_5_0_, user0_.username as usernam12_5_0_ from user user0_ where user0_.id=?
Hibernate: select subscripti0_.user_id as user_id6_5_0_, subscripti0_.id as id1_3_0_, subscripti0_.id as id1_3_1_, subscripti0_.version as version2_3_1_, subscripti0_.date_created as date_cre3_3_1_, subscripti0_.seriousness as seriousn4_3_1_, subscripti0_.topic_id as topic_id5_3_1_, subscripti0_.user_id as user_id6_3_1_ from subscription subscripti0_ where subscripti0_.user_id=?
Hibernate: select topic0_.id as id1_4_0_, topic0_.version as version2_4_0_, topic0_.created_by_id as created_3_4_0_, topic0_.date_created as date_cre4_4_0_, topic0_.name as name5_4_0_, topic0_.visibility as visibili6_4_0_ from topic topic0_ where topic0_.id=?
Hibernate: select topic0_.id as id1_4_0_, topic0_.version as version2_4_0_, topic0_.created_by_id as created_3_4_0_, topic0_.date_created as date_cre4_4_0_, topic0_.name as name5_4_0_, topic0_.visibility as visibili6_4_0_ from topic topic0_ where topic0_.id=?
Hibernate: select topic0_.id as id1_4_0_, topic0_.version as version2_4_0_, topic0_.created_by_id as created_3_4_0_, topic0_.date_created as date_cre4_4_0_, topic0_.name as name5_4_0_, topic0_.visibility as visibili6_4_0_ from topic topic0_ where topic0_.id=?
Hibernate: select topic0_.id as id1_4_0_, topic0_.version as version2_4_0_, topic0_.created_by_id as created_3_4_0_, topic0_.date_created as date_cre4_4_0_, topic0_.name as name5_4_0_, topic0_.visibility as visibili6_4_0_ from topic topic0_ where topic0_.id=?
Hibernate: select topic0_.id as id1_4_0_, topic0_.version as version2_4_0_, topic0_.created_by_id as created_3_4_0_, topic0_.date_created as date_cre4_4_0_, topic0_.name as name5_4_0_, topic0_.visibility as visibili6_4_0_ from topic topic0_ where topic0_.id=?
Hibernate: select subscripti0_.topic_id as topic_id5_4_0_, subscripti0_.id as id1_3_0_, subscripti0_.id as id1_3_1_, subscripti0_.version as version2_3_1_, subscripti0_.date_created as date_cre3_3_1_, subscripti0_.seriousness as seriousn4_3_1_, subscripti0_.topic_id as topic_id5_3_1_, subscripti0_.user_id as user_id6_3_1_ from subscription subscripti0_ where subscripti0_.topic_id=?
Hibernate: select subscripti0_.topic_id as topic_id5_4_0_, subscripti0_.id as id1_3_0_, subscripti0_.id as id1_3_1_, subscripti0_.version as version2_3_1_, subscripti0_.date_created as date_cre3_3_1_, subscripti0_.seriousness as seriousn4_3_1_, subscripti0_.topic_id as topic_id5_3_1_, subscripti0_.user_id as user_id6_3_1_ from subscription subscripti0_ where subscripti0_.topic_id=?
Hibernate: select subscripti0_.topic_id as topic_id5_4_0_, subscripti0_.id as id1_3_0_, subscripti0_.id as id1_3_1_, subscripti0_.version as version2_3_1_, subscripti0_.date_created as date_cre3_3_1_, subscripti0_.seriousness as seriousn4_3_1_, subscripti0_.topic_id as topic_id5_3_1_, subscripti0_.user_id as user_id6_3_1_ from subscription subscripti0_ where subscripti0_.topic_id=?
Hibernate: select subscripti0_.topic_id as topic_id5_4_0_, subscripti0_.id as id1_3_0_, subscripti0_.id as id1_3_1_, subscripti0_.version as version2_3_1_, subscripti0_.date_created as date_cre3_3_1_, subscripti0_.seriousness as seriousn4_3_1_, subscripti0_.topic_id as topic_id5_3_1_, subscripti0_.user_id as user_id6_3_1_ from subscription subscripti0_ where subscripti0_.topic_id=?
Hibernate: select subscripti0_.topic_id as topic_id5_4_0_, subscripti0_.id as id1_3_0_, subscripti0_.id as id1_3_1_, subscripti0_.version as version2_3_1_, subscripti0_.date_created as date_cre3_3_1_, subscripti0_.seriousness as seriousn4_3_1_, subscripti0_.topic_id as topic_id5_3_1_, subscripti0_.user_id as user_id6_3_1_ from subscription subscripti0_ where subscripti0_.topic_id=?
Hibernate: select resources0_.created_by_id as created_3_5_0_, resources0_.id as id1_1_0_, resources0_.id as id1_1_1_, resources0_.version as version2_1_1_, resources0_.created_by_id as created_3_1_1_, resources0_.date_created as date_cre4_1_1_, resources0_.description as descript5_1_1_, resources0_.last_updated as last_upd6_1_1_, resources0_.topic_id as topic_id7_1_1_, resources0_.file_path as file_pat9_1_1_, resources0_.url as url10_1_1_, resources0_.content_type as content_8_1_1_ from resource resources0_ where resources0_.created_by_id=?
Hibernate: select sum(this_.rating) as y0_ from resource_rating this_ where this_.resource_id=?
Hibernate: select count(*) as y0_ from resource_rating this_ where this_.resource_id=?
Hibernate: select resourcera0_.resource_id as resource4_1_0_, resourcera0_.id as id1_2_0_, resourcera0_.id as id1_2_1_, resourcera0_.version as version2_2_1_, resourcera0_.rating as rating3_2_1_, resourcera0_.resource_id as resource4_2_1_, resourcera0_.user_id as user_id5_2_1_ from resource_rating resourcera0_ where resourcera0_.resource_id=?
]]></system-out>

      <system-err><![CDATA[--Output from getRatingInfo returns correct data--
]]></system-err>

  </testsuite>
</testsuites>
