<?xml version="1.0" encoding="UTF-8" ?>
<testsuites>
  <testsuite errors="0" failures="0" hostname="jalaj" id="0" name="LinkResourceSpec" package="com.ttnd.linksharing" skipped="0" tests="2" time="0.323" timestamp="2016-08-03T12:22:19">
      <properties />

      <testcase classname="com.ttnd.linksharing.LinkResourceSpec" name="Link Resource should be saved" time="0.239" />

      <testcase classname="com.ttnd.linksharing.LinkResourceSpec" name="toString method should return url of the link resource" time="0.068" />

      <system-out><![CDATA[--Output from Link Resource should be saved--
--Output from toString method should return url of the link resource--
]]></system-out>

      <system-err><![CDATA[--Output from Link Resource should be saved--
--Output from toString method should return url of the link resource--
]]></system-err>

  </testsuite>
  <testsuite errors="0" failures="2" hostname="jalaj" id="1" name="LoginControllerSpec" package="com.ttnd.linksharing" skipped="0" tests="3" time="0.45" timestamp="2016-08-03T12:22:20">
      <properties />

      <testcase classname="com.ttnd.linksharing.LoginControllerSpec" name="user is  able to login, if username or password is  right" time="0.355" />

      <testcase classname="com.ttnd.linksharing.LoginControllerSpec" name="user is  unable to login, if username or password is not right" time="0.073">
          <failure message="Condition not satisfied:&#xa;&#xa;response.getContentAsString() == &apos;User not found&apos;&#xa;|        |                    |&#xa;|        &quot;&quot;                   false&#xa;|                             14 differences (0% similarity)&#xa;|                             (--------------)&#xa;|                             (User not found)&#xa;org.codehaus.groovy.grails.plugins.testing.GrailsMockHttpServletResponse@6c18a03&#xa;" type="junit.framework.AssertionFailedError">junit.framework.AssertionFailedError: Condition not satisfied:

response.getContentAsString() == &apos;User not found&apos;
|        |                    |
|        &quot;&quot;                   false
|                             14 differences (0% similarity)
|                             (--------------)
|                             (User not found)
org.codehaus.groovy.grails.plugins.testing.GrailsMockHttpServletResponse@6c18a03

	at com.ttnd.linksharing.LoginControllerSpec.user is  unable to login, if username or password is not right(LoginControllerSpec.groovy:55)
</failure>

      </testcase>

      <testcase classname="com.ttnd.linksharing.LoginControllerSpec" name="user is  unable to login, if username or password is  right but user is not active" time="0.014">
          <failure message="Condition not satisfied:&#xa;&#xa;response.getContentAsString() == &apos;Your account is not active&apos;&#xa;|        |                    |&#xa;|        &quot;&quot;                   false&#xa;|                             26 differences (0% similarity)&#xa;|                             (--------------------------)&#xa;|                             (Your account is not active)&#xa;org.codehaus.groovy.grails.plugins.testing.GrailsMockHttpServletResponse@1f791776&#xa;" type="junit.framework.AssertionFailedError">junit.framework.AssertionFailedError: Condition not satisfied:

response.getContentAsString() == &apos;Your account is not active&apos;
|        |                    |
|        &quot;&quot;                   false
|                             26 differences (0% similarity)
|                             (--------------------------)
|                             (Your account is not active)
org.codehaus.groovy.grails.plugins.testing.GrailsMockHttpServletResponse@1f791776

	at com.ttnd.linksharing.LoginControllerSpec.user is  unable to login, if username or password is  right but user is not active(LoginControllerSpec.groovy:73)
</failure>

      </testcase>

      <system-out><![CDATA[--Output from user is  able to login, if username or password is  right--
--Output from user is  unable to login, if username or password is not right--
--Output from user is  unable to login, if username or password is  right but user is not active--
]]></system-out>

      <system-err><![CDATA[--Output from user is  able to login, if username or password is  right--
--Output from user is  unable to login, if username or password is not right--
--Output from user is  unable to login, if username or password is  right but user is not active--
]]></system-err>

  </testsuite>
  <testsuite errors="2" failures="0" hostname="jalaj" id="2" name="ResourceRatingSpec" package="com.ttnd.linksharing" skipped="0" tests="3" time="0.526" timestamp="2016-08-03T12:22:21">
      <properties />

      <testcase classname="com.ttnd.linksharing.ResourceRatingSpec" name="resource rating is not saved when not between between 1 and 5" time="0.428" />

      <testcase classname="com.ttnd.linksharing.ResourceRatingSpec" name="resource rating saved when between 1 and 5" time="0.045">
          <error message="Method on class [com.ttnd.linksharing.LinkResource] was used outside of a Grails application. If running in the context of a test using the mocking API or bootstrap Grails correctly." type="java.lang.IllegalStateException">java.lang.IllegalStateException: Method on class [com.ttnd.linksharing.LinkResource] was used outside of a Grails application. If running in the context of a test using the mocking API or bootstrap Grails correctly.
	at com.ttnd.linksharing.ResourceRatingSpec.resource rating saved when between 1 and 5(ResourceRatingSpec.groovy:44)
</error>

      </testcase>

      <testcase classname="com.ttnd.linksharing.ResourceRatingSpec" name="resource rating should be unique per user and resource combination" time="0.041">
          <error message="Method on class [com.ttnd.linksharing.LinkResource] was used outside of a Grails application. If running in the context of a test using the mocking API or bootstrap Grails correctly." type="java.lang.IllegalStateException">java.lang.IllegalStateException: Method on class [com.ttnd.linksharing.LinkResource] was used outside of a Grails application. If running in the context of a test using the mocking API or bootstrap Grails correctly.
	at com.ttnd.linksharing.ResourceRatingSpec.resource rating should be unique per user and resource combination(ResourceRatingSpec.groovy:65)
</error>

      </testcase>

      <system-out><![CDATA[--Output from resource rating is not saved when not between between 1 and 5--
--Output from resource rating saved when between 1 and 5--
--Output from resource rating should be unique per user and resource combination--
]]></system-out>

      <system-err><![CDATA[--Output from resource rating is not saved when not between between 1 and 5--
--Output from resource rating saved when between 1 and 5--
--Output from resource rating should be unique per user and resource combination--
]]></system-err>

  </testsuite>
  <testsuite errors="1" failures="0" hostname="jalaj" id="3" name="SubscriptionControllerSpec" package="com.ttnd.linksharing" skipped="0" tests="3" time="0.718" timestamp="2016-08-03T12:22:19">
      <properties />

      <testcase classname="com.ttnd.linksharing.SubscriptionControllerSpec" name="subscription to a topic should be saved with default seriousness" time="0.466" />

      <testcase classname="com.ttnd.linksharing.SubscriptionControllerSpec" name="Subscription should be updated" time="0.126" />

      <testcase classname="com.ttnd.linksharing.SubscriptionControllerSpec" name="subscription should be deleted when user unsubscribes" time="0.101">
          <error message="Cannot get property &apos;id&apos; on null object" type="java.lang.NullPointerException">java.lang.NullPointerException: Cannot get property &apos;id&apos; on null object
	at com.ttnd.linksharing.SubscriptionController.delete(SubscriptionController.groovy:28)
	at com.ttnd.linksharing.SubscriptionControllerSpec.subscription should be deleted when user unsubscribes(SubscriptionControllerSpec.groovy:59)
</error>

      </testcase>

      <system-out><![CDATA[--Output from subscription to a topic should be saved with default seriousness--
--Output from Subscription should be updated--
--Output from subscription should be deleted when user unsubscribes--
]]></system-out>

      <system-err><![CDATA[--Output from subscription to a topic should be saved with default seriousness--
--Output from Subscription should be updated--
--Output from subscription should be deleted when user unsubscribes--
]]></system-err>

  </testsuite>
  <testsuite errors="0" failures="0" hostname="jalaj" id="4" name="SubscriptionSpec" package="com.ttnd.linksharing" skipped="0" tests="1" time="0.339" timestamp="2016-08-03T12:22:18">
      <properties />

      <testcase classname="com.ttnd.linksharing.SubscriptionSpec" name="Subscription for a user and topic should be one" time="0.327" />

      <system-out><![CDATA[--Output from Subscription for a user and topic should be one--
]]></system-out>

      <system-err><![CDATA[--Output from Subscription for a user and topic should be one--
]]></system-err>

  </testsuite>
  <testsuite errors="1" failures="0" hostname="jalaj" id="5" name="TopicControllerSpec" package="com.ttnd.linksharing" skipped="0" tests="1" time="2.314" timestamp="2016-08-03T12:22:16">
      <properties />

      <testcase classname="com.ttnd.linksharing.TopicControllerSpec" name="test something" time="2.283">
          <error message="Cannot get property &apos;id&apos; on null object" type="java.lang.NullPointerException">java.lang.NullPointerException: Cannot get property &apos;id&apos; on null object
	at com.ttnd.linksharing.TopicController.delete(TopicController.groovy:49)
	at com.ttnd.linksharing.TopicControllerSpec.test something(TopicControllerSpec.groovy:31)
</error>

      </testcase>

      <system-out><![CDATA[--Output from test something--
]]></system-out>

      <system-err><![CDATA[--Output from test something--
]]></system-err>

  </testsuite>
  <testsuite errors="0" failures="0" hostname="jalaj" id="6" name="TopicSpec" package="com.ttnd.linksharing" skipped="0" tests="2" time="0.325" timestamp="2016-08-03T12:22:19">
      <properties />

      <testcase classname="com.ttnd.linksharing.TopicSpec" name="test name should be unique per user" time="0.175" />

      <testcase classname="com.ttnd.linksharing.TopicSpec" name="testing toString method should return name" time="0.138" />

      <system-out><![CDATA[--Output from test name should be unique per user--
--Output from testing toString method should return name--
]]></system-out>

      <system-err><![CDATA[--Output from test name should be unique per user--
--Output from testing toString method should return name--
]]></system-err>

  </testsuite>
  <testsuite errors="1" failures="3" hostname="jalaj" id="7" name="UserSpec" package="com.ttnd.linksharing" skipped="0" tests="5" time="0.377" timestamp="2016-08-03T12:22:21">
      <properties />

      <testcase classname="com.ttnd.linksharing.UserSpec" name="email should be email " time="0.162">
          <failure message="Condition not satisfied:&#xa;&#xa;result == output&#xa;|      |  |&#xa;false  |  true&#xa;       false&#xa;" type="junit.framework.AssertionFailedError">junit.framework.AssertionFailedError: Condition not satisfied:

result == output
|      |  |
false  |  true
       false

	at com.ttnd.linksharing.UserSpec.email should be email (UserSpec.groovy:28)
</failure>

      </testcase>

      <testcase classname="com.ttnd.linksharing.UserSpec" name="email should be email and unique" time="0.048">
          <failure message="Condition not satisfied:&#xa;&#xa;User.count == 1&#xa;     |     |&#xa;     0     false&#xa;" type="junit.framework.AssertionFailedError">junit.framework.AssertionFailedError: Condition not satisfied:

User.count == 1
     |     |
     0     false

	at com.ttnd.linksharing.UserSpec.email should be email and unique(UserSpec.groovy:43)
</failure>

      </testcase>

      <testcase classname="com.ttnd.linksharing.UserSpec" name="Username of User should be unique" time="0.045">
          <failure message="Condition not satisfied:&#xa;&#xa;User.count==1&#xa;     |    |&#xa;     0    false&#xa;" type="junit.framework.AssertionFailedError">junit.framework.AssertionFailedError: Condition not satisfied:

User.count==1
     |    |
     0    false

	at com.ttnd.linksharing.UserSpec.Username of User should be unique(UserSpec.groovy:61)
</failure>

      </testcase>

      <testcase classname="com.ttnd.linksharing.UserSpec" name="user is found using username and password" time="0.051">
          <error message="Cannot get property &apos;firstName&apos; on null object" type="java.lang.NullPointerException">java.lang.NullPointerException: Cannot get property &apos;firstName&apos; on null object
	at com.ttnd.linksharing.UserSpec.user is found using username and password(UserSpec.groovy:78)
</error>

      </testcase>

      <testcase classname="com.ttnd.linksharing.UserSpec" name="toString method should return username of the user" time="0.054" />

      <system-out><![CDATA[--Output from email should be email --
--Output from email should be email and unique--
--Output from Username of User should be unique--
--Output from user is found using username and password--
--Output from toString method should return username of the user--
]]></system-out>

      <system-err><![CDATA[--Output from email should be email --
--Output from email should be email and unique--
--Output from Username of User should be unique--
--Output from user is found using username and password--
--Output from toString method should return username of the user--
]]></system-err>

  </testsuite>
  <testsuite errors="0" failures="1" hostname="jalaj" id="8" name="CustomTagLibSpec" package="com.ttnd.linkshring" skipped="0" tests="1" time="4.403" timestamp="2016-08-03T12:22:12">
      <properties />

      <testcase classname="com.ttnd.linkshring.CustomTagLibSpec" name="custom tag returns img tag" time="4.187">
          <failure message="Condition not satisfied:&#xa;&#xa;str == &quot;&lt;img src=&apos;/user/img/1&apos; height=&apos;20px&apos; width=&apos;50px&apos;/&gt;&quot;&#xa;|   |&#xa;|   false&#xa;|   3 differences (94% similarity)&#xa;|   &lt;img src=&apos;(-)user/im(a)g(e)/1&apos; height=&apos;20px&apos; width=&apos;50px&apos;/&gt;&#xa;|   &lt;img src=&apos;(/)user/im(-)g(-)/1&apos; height=&apos;20px&apos; width=&apos;50px&apos;/&gt;&#xa;&lt;img src=&apos;user/image/1&apos; height=&apos;20px&apos; width=&apos;50px&apos;/&gt;&#xa;" type="junit.framework.AssertionFailedError">junit.framework.AssertionFailedError: Condition not satisfied:

str == &quot;&lt;img src=&apos;/user/img/1&apos; height=&apos;20px&apos; width=&apos;50px&apos;/&gt;&quot;
|   |
|   false
|   3 differences (94% similarity)
|   &lt;img src=&apos;(-)user/im(a)g(e)/1&apos; height=&apos;20px&apos; width=&apos;50px&apos;/&gt;
|   &lt;img src=&apos;(/)user/im(-)g(-)/1&apos; height=&apos;20px&apos; width=&apos;50px&apos;/&gt;
&lt;img src=&apos;user/image/1&apos; height=&apos;20px&apos; width=&apos;50px&apos;/&gt;

	at com.ttnd.linkshring.CustomTagLibSpec.custom tag returns img tag(CustomTagLibSpec.groovy:29)
</failure>

      </testcase>

      <system-out><![CDATA[--Output from custom tag returns img tag--
]]></system-out>

      <system-err><![CDATA[--Output from custom tag returns img tag--
]]></system-err>

  </testsuite>
</testsuites>
